<?xml version="1.0" encoding="UTF-8"?>
<!-- Generated by org.testng.reporters.JUnitXMLReporter -->
<testsuite ignored="0" hostname="ENVY" failures="0" tests="5" name="Command line test" time="0.035" errors="0" timestamp="2023-06-16T15:07:54 CEST">
  <testcase classname="exo1.EmployeeManagerTest" name="CalculateExperienceMultiplier3AnneeExperience" time="0.003"/>
  <testcase classname="exo1.EmployeeManagerTest" name="testCalculateSalaryIntermediaire5AnneeExperience" time="0.001"/>
  <testcase classname="exo1.EmployeeManagerTest" name="testCalculateSalaryJunior1AnneeExperience" time="0.0"/>
  <testcase classname="exo1.EmployeeManagerTest" name="testCalculateSalarySenior10AnneeExperience" time="0.0"/>
  <testcase classname="exo1.EmployeeManagerTest" name="testCalculateSalarySenior20AnneeExperience" time="0.0"/>
</testsuite> <!-- Command line test -->
