<?xml version="1.0" encoding="UTF-8" ?>
<testsuite tests="5" failures="0" name="exo1.EmployeeManagerTest" time="0.009" errors="0" skipped="0">
  <properties>
[...]
</properties>
  <testcase classname="exo1.EmployeeManagerTest" name="CalculateExperienceMultiplier3AnneeExperience" time="0.005"/>
  <testcase classname="exo1.EmployeeManagerTest" name="testCalculateSalaryIntermediaire5AnneeExperience" time="0.001"/>
  <testcase classname="exo1.EmployeeManagerTest" name="testCalculateSalaryJunior1AnneeExperience" time="0.001"/>
  <testcase classname="exo1.EmployeeManagerTest" name="testCalculateSalarySenior10AnneeExperience" time="0.001"/>
  <testcase classname="exo1.EmployeeManagerTest" name="testCalculateSalarySenior20AnneeExperience" time="0.001"/>
</testsuite>